Using pre-set license
Built from '2022.3/staging' branch; Version is '2022.3.7f1 (b16b3b16c7a0) revision 11627323'; Using compiler version '192829333'; Build Type 'Release'
OS: 'Windows 10  (10.0.19045) 64bit CoreSingleLanguage' Language: 'en' Physical Memory: 5989 MB
BatchMode: 1, IsHumanControllingUs: 0, StartBugReporterOnCrash: 0, Is64bit: 1, IsPro: 1

COMMAND LINE ARGUMENTS:
D:\New folder (3)\Unity\Editor\2022.3.7f1\Editor\Unity.exe
-adb2
-batchMode
-noUpm
-name
AssetImportWorker1
-projectPath
D:/Abil UTS/bab6/BAB7ABIL
-logFile
Logs/AssetImportWorker1.log
-srvPort
56375
Successfully changed project path to: D:/Abil UTS/bab6/BAB7ABIL
D:/Abil UTS/bab6/BAB7ABIL
[UnityMemory] Configuration Parameters - Can be set up in boot.config
    "memorysetup-bucket-allocator-granularity=16"
    "memorysetup-bucket-allocator-bucket-count=8"
    "memorysetup-bucket-allocator-block-size=33554432"
    "memorysetup-bucket-allocator-block-count=8"
    "memorysetup-main-allocator-block-size=16777216"
    "memorysetup-thread-allocator-block-size=16777216"
    "memorysetup-gfx-main-allocator-block-size=16777216"
    "memorysetup-gfx-thread-allocator-block-size=16777216"
    "memorysetup-cache-allocator-block-size=4194304"
    "memorysetup-typetree-allocator-block-size=2097152"
    "memorysetup-profiler-bucket-allocator-granularity=16"
    "memorysetup-profiler-bucket-allocator-bucket-count=8"
    "memorysetup-profiler-bucket-allocator-block-size=33554432"
    "memorysetup-profiler-bucket-allocator-block-count=8"
    "memorysetup-profiler-allocator-block-size=16777216"
    "memorysetup-profiler-editor-allocator-block-size=1048576"
    "memorysetup-temp-allocator-size-main=16777216"
    "memorysetup-job-temp-allocator-block-size=2097152"
    "memorysetup-job-temp-allocator-block-size-background=1048576"
    "memorysetup-job-temp-allocator-reduction-small-platforms=262144"
    "memorysetup-allocator-temp-initial-block-size-main=262144"
    "memorysetup-allocator-temp-initial-block-size-worker=262144"
    "memorysetup-temp-allocator-size-background-worker=32768"
    "memorysetup-temp-allocator-size-job-worker=262144"
    "memorysetup-temp-allocator-size-preload-manager=33554432"
    "memorysetup-temp-allocator-size-nav-mesh-worker=65536"
    "memorysetup-temp-allocator-size-audio-worker=65536"
    "memorysetup-temp-allocator-size-cloud-worker=32768"
    "memorysetup-temp-allocator-size-gi-baking-worker=262144"
    "memorysetup-temp-allocator-size-gfx=262144"
Player connection [24352] Host "[IP] 192.168.1.54 [Port] 0 [Flags] 2 [Guid] 4030679362 [EditorId] 4030679362 [Version] 1048832 [Id] WindowsEditor(7,LAPTOP-L9N77MFB) [Debug] 1 [PackageName] WindowsEditor [ProjectName] Editor" joined multi-casting on [225.0.0.222:54997]...

Player connection [24352] Host "[IP] 192.168.1.54 [Port] 0 [Flags] 2 [Guid] 4030679362 [EditorId] 4030679362 [Version] 1048832 [Id] WindowsEditor(7,LAPTOP-L9N77MFB) [Debug] 1 [PackageName] WindowsEditor [ProjectName] Editor" joined alternative multi-casting on [225.0.0.222:34997]...

Refreshing native plugins compatible for Editor in 30.40 ms, found 4 plugins.
Preloading 0 native plugins for Editor in 0.00 ms.
Initialize engine version: 2022.3.7f1 (b16b3b16c7a0)
[Subsystems] Discovering subsystems at path D:/New folder (3)/Unity/Editor/2022.3.7f1/Editor/Data/Resources/UnitySubsystems
[Subsystems] Discovering subsystems at path D:/Abil UTS/bab6/BAB7ABIL/Assets
GfxDevice: creating device client; threaded=0; jobified=0
Direct3D:
    Version:  Direct3D 11.0 [level 11.1]
    Renderer: AMD Radeon(TM) Graphics (ID=0x164c)
    Vendor:   ATI
    VRAM:     2994 MB
    Driver:   27.20.15026.8004
Initialize mono
Mono path[0] = 'D:/New folder (3)/Unity/Editor/2022.3.7f1/Editor/Data/Managed'
Mono path[1] = 'D:/New folder (3)/Unity/Editor/2022.3.7f1/Editor/Data/MonoBleedingEdge/lib/mono/unityjit-win32'
Mono config path = 'D:/New folder (3)/Unity/Editor/2022.3.7f1/Editor/Data/MonoBleedingEdge/etc'
Using monoOptions --debugger-agent=transport=dt_socket,embedding=1,server=y,suspend=n,address=127.0.0.1:56700
Begin MonoManager ReloadAssembly
Registering precompiled unity dll's ...
Register platform support module: D:/New folder (3)/Unity/Editor/2022.3.7f1/Editor/Data/PlaybackEngines/AndroidPlayer/UnityEditor.Android.Extensions.dll
Register platform support module: D:/New folder (3)/Unity/Editor/2022.3.7f1/Editor/Data/PlaybackEngines/WindowsStandaloneSupport/UnityEditor.WindowsStandalone.Extensions.dll
Registered in 0.012296 seconds.
- Loaded All Assemblies, in  0.597 seconds
Native extension for WindowsStandalone target not found
Native extension for Android target not found
Android Extension - Scanning For ADB Devices 571 ms
Mono: successfully reloaded assembly
- Finished resetting the current domain, in  1.076 seconds
Domain Reload Profiling: 1673ms
	BeginReloadAssembly (211ms)
		ExecutionOrderSort (0ms)
		DisableScriptedObjects (0ms)
		BackupInstance (0ms)
		ReleaseScriptingObjects (0ms)
		CreateAndSetChildDomain (1ms)
	RebuildCommonClasses (57ms)
	RebuildNativeTypeToScriptingClass (13ms)
	initialDomainReloadingComplete (104ms)
	LoadAllAssembliesAndSetupDomain (211ms)
		LoadAssemblies (209ms)
		RebuildTransferFunctionScriptingTraits (0ms)
		AnalyzeDomain (206ms)
			TypeCache.Refresh (204ms)
				TypeCache.ScanAssembly (184ms)
			ScanForSourceGeneratedMonoScriptInfo (1ms)
			ResolveRequiredComponents (1ms)
	FinalizeReload (1077ms)
		ReleaseScriptCaches (0ms)
		RebuildScriptCaches (0ms)
		SetupLoadedEditorAssemblies (1008ms)
			LogAssemblyErrors (0ms)
			InitializePlatformSupportModulesInManaged (709ms)
			SetLoadedEditorAssemblies (6ms)
			RefreshPlugins (0ms)
			BeforeProcessingInitializeOnLoad (5ms)
			ProcessInitializeOnLoadAttributes (185ms)
			ProcessInitializeOnLoadMethodAttributes (103ms)
			AfterProcessingInitializeOnLoad (0ms)
			EditorAssembliesLoaded (0ms)
		ExecutionOrderSort2 (0ms)
		AwakeInstancesAfterBackupRestoration (0ms)
========================================================================
Worker process is ready to serve import requests
Begin MonoManager ReloadAssembly
Symbol file LoadedFromMemory doesn't match image D:\Abil UTS\bab6\BAB7ABIL\Library\PackageCache\com.unity.visualscripting@1.8.0\Editor\VisualScripting.Core\Dependencies\YamlDotNet\Unity.VisualScripting.YamlDotNet.dll
Symbol file LoadedFromMemory doesn't match image D:\Abil UTS\bab6\BAB7ABIL\Library\PackageCache\com.unity.visualscripting@1.8.0\Editor\VisualScripting.Core\Dependencies\DotNetZip\Unity.VisualScripting.IonicZip.dll
- Loaded All Assemblies, in  1.086 seconds
Refreshing native plugins compatible for Editor in 8.64 ms, found 4 plugins.
Native extension for WindowsStandalone target not found
Native extension for Android target not found
Package Manager log level set to [2]
[Package Manager] Server::EnsureServerProcessIsRunning -- launch failed, reason: Unity was launched with the -noUpm command-line argument
[Package Manager] UpmClient::Send -- Unable to send message (not connected to UPM process).
[Package Manager] Cannot connect to Unity Package Manager local server
Mono: successfully reloaded assembly
[Package Manager] Server::EnsureServerProcessIsRunning -- launch failed, reason: Unity was launched with the -noUpm command-line argument
[Package Manager] UpmClient::Send -- Unable to send message (not connected to UPM process).
[Package Manager] Cannot connect to Unity Package Manager local server
[Package Manager] Server::EnsureServerProcessIsRunning -- launch failed, reason: Unity was launched with the -noUpm command-line argument
[Package Manager] UpmClient::Send -- Unable to send message (not connected to UPM process).
[Package Manager] Cannot connect to Unity Package Manager local server
- Finished resetting the current domain, in  1.161 seconds
Domain Reload Profiling: 2250ms
	BeginReloadAssembly (186ms)
		ExecutionOrderSort (0ms)
		DisableScriptedObjects (6ms)
		BackupInstance (0ms)
		ReleaseScriptingObjects (0ms)
		CreateAndSetChildDomain (34ms)
	RebuildCommonClasses (44ms)
	RebuildNativeTypeToScriptingClass (12ms)
	initialDomainReloadingComplete (48ms)
	LoadAllAssembliesAndSetupDomain (798ms)
		LoadAssemblies (576ms)
		RebuildTransferFunctionScriptingTraits (0ms)
		AnalyzeDomain (321ms)
			TypeCache.Refresh (272ms)
				TypeCache.ScanAssembly (237ms)
			ScanForSourceGeneratedMonoScriptInfo (37ms)
			ResolveRequiredComponents (8ms)
	FinalizeReload (1162ms)
		ReleaseScriptCaches (0ms)
		RebuildScriptCaches (0ms)
		SetupLoadedEditorAssemblies (830ms)
			LogAssemblyErrors (0ms)
			InitializePlatformSupportModulesInManaged (46ms)
			SetLoadedEditorAssemblies (8ms)
			RefreshPlugins (0ms)
			BeforeProcessingInitializeOnLoad (119ms)
			ProcessInitializeOnLoadAttributes (606ms)
			ProcessInitializeOnLoadMethodAttributes (46ms)
			AfterProcessingInitializeOnLoad (3ms)
			EditorAssembliesLoaded (0ms)
		ExecutionOrderSort2 (0ms)
		AwakeInstancesAfterBackupRestoration (11ms)
Launched and connected shader compiler UnityShaderCompiler.exe after 0.06 seconds
Refreshing native plugins compatible for Editor in 4.21 ms, found 4 plugins.
Preloading 0 native plugins for Editor in 0.00 ms.
Unloading 4268 Unused Serialized files (Serialized files now loaded: 0)
Unloading 78 unused Assets / (68.6 KB). Loaded Objects now: 4718.
Memory consumption went from 146.5 MB to 146.5 MB.
Total: 5.697900 ms (FindLiveObjects: 0.428200 ms CreateObjectMapping: 0.179300 ms MarkObjects: 4.758100 ms  DeleteObjects: 0.330800 ms)

AssetImportParameters requested are different than current active one (requested -> active):
  custom:container-demuxer-ogg: 62fdf1f143b41e24485cea50d1cbac27 -> 
  custom:video-codec-MediaFoundation-h265: 746d11721c4dcdbdad8f713fa42b33f4 -> 
  custom:video-decoder-ogg-theora: a1e56fd34408186e4bbccfd4996cb3dc -> 
  custom:framework-win-MediaFoundation: 216162199b28c13a410421893ffa2e32 -> 
  custom:CustomObjectIndexerAttribute: 756ad292c208cfabdd7b50bc23989ffe -> 
  custom:container-demuxer-webm: 4f35f7cbe854078d1ac9338744f61a02 -> 
  custom:container-muxer-webm: aa71ff27fc2769a1b78a27578f13a17b -> 
  custom:video-decoder-webm-vp8: 9c59270c3fd7afecdb556c50c9e8de78 -> 
  custom:SearchIndexIgnoredProperties: e643bd26f0fe6173181afceb89e7c659 -> 
  custom:AudioImporter_EditorPlatform: d09bf68614088b80899f8185d706f6e7 -> 
  custom:video-encoder-webm-vp8: eb34c28f22e8b96e1ab97ce403110664 -> 
  custom:audio-decoder-ogg-vorbis: bf7c407c2cedff20999df2af8eb42d56 -> 
  custom:audio-encoder-webm-vorbis: bf7c407c2cedff20999df2af8eb42d56 -> 
========================================================================
Received Import Request.
  Time since last request: 2069650.700196 seconds.
  path: Assets/BayatGames/Free Platform Game Assets/Backgrounds/Background/png/1920x1080/All/Hills_2.png
  artifactKey: Guid(3cf48c8f262fbe04a9d13d8edaa34fee) Importer(815301076,1909f56bfc062723c751e8b465ee728b)
Start importing Assets/BayatGames/Free Platform Game Assets/Backgrounds/Background/png/1920x1080/All/Hills_2.png using Guid(3cf48c8f262fbe04a9d13d8edaa34fee) Importer(815301076,1909f56bfc062723c751e8b465ee728b)  -> (artifact id: '896484b0e405c720747593210fa972f1') in 0.128168 seconds
Number of updated asset objects reloaded before import = 0
Number of asset objects unloaded after import = 3
========================================================================
Received Import Request.
  Time since last request: 0.000047 seconds.
  path: Assets/BayatGames/Free Platform Game Assets/Backgrounds/Background/png/1920x1080/All/Mountain_4.png
  artifactKey: Guid(2f90d947c4b71504e96a89f91a4a724f) Importer(815301076,1909f56bfc062723c751e8b465ee728b)
Start importing Assets/BayatGames/Free Platform Game Assets/Backgrounds/Background/png/1920x1080/All/Mountain_4.png using Guid(2f90d947c4b71504e96a89f91a4a724f) Importer(815301076,1909f56bfc062723c751e8b465ee728b)  -> (artifact id: '4bb968c719222bb585e751ae98179a73') in 0.031596 seconds
Number of updated asset objects reloaded before import = 0
Number of asset objects unloaded after import = 3
========================================================================
Received Import Request.
  Time since last request: 18.377367 seconds.
  path: Assets/BayatGames/Free Platform Game Assets/Tiles/2.5D Tiles/Autumn ( Update 1.9 )/256x256/GrassCliffLeft.png
  artifactKey: Guid(9f58eac9bb4c9e748a3c5ba9674485c4) Importer(815301076,1909f56bfc062723c751e8b465ee728b)
Start importing Assets/BayatGames/Free Platform Game Assets/Tiles/2.5D Tiles/Autumn ( Update 1.9 )/256x256/GrassCliffLeft.png using Guid(9f58eac9bb4c9e748a3c5ba9674485c4) Importer(815301076,1909f56bfc062723c751e8b465ee728b)  -> (artifact id: '8bb8165e704db0257547eae8fc8f1a93') in 0.024788 seconds
Number of updated asset objects reloaded before import = 0
Number of asset objects unloaded after import = 3
========================================================================
Received Import Request.
  Time since last request: 0.000024 seconds.
  path: Assets/BayatGames/Free Platform Game Assets/Tiles/2.5D Tiles/Autumn ( Update 1.9 )/256x256/HillLeft2.png
  artifactKey: Guid(a16f4f4aaaab5614b97bfdc999062f2d) Importer(815301076,1909f56bfc062723c751e8b465ee728b)
Start importing Assets/BayatGames/Free Platform Game Assets/Tiles/2.5D Tiles/Autumn ( Update 1.9 )/256x256/HillLeft2.png using Guid(a16f4f4aaaab5614b97bfdc999062f2d) Importer(815301076,1909f56bfc062723c751e8b465ee728b)  -> (artifact id: 'a183e010783960cef0ae847da250aeb9') in 0.027940 seconds
Number of updated asset objects reloaded before import = 0
Number of asset objects unloaded after import = 3
========================================================================
Received Import Request.
  Time since last request: 0.000026 seconds.
  path: Assets/BayatGames/Free Platform Game Assets/Tiles/2.5D Tiles/Autumn ( Update 1.9 )/256x256/GrassJoinHillRight WithDropShadow.png
  artifactKey: Guid(8760604b5ca9b0c4586139597be5ac4a) Importer(815301076,1909f56bfc062723c751e8b465ee728b)
Start importing Assets/BayatGames/Free Platform Game Assets/Tiles/2.5D Tiles/Autumn ( Update 1.9 )/256x256/GrassJoinHillRight WithDropShadow.png using Guid(8760604b5ca9b0c4586139597be5ac4a) Importer(815301076,1909f56bfc062723c751e8b465ee728b)  -> (artifact id: 'cf8d545b837be96f81352f7e32189b82') in 0.029535 seconds
Number of updated asset objects reloaded before import = 0
Number of asset objects unloaded after import = 3
========================================================================
Received Import Request.
  Time since last request: 0.000029 seconds.
  path: Assets/BayatGames/Free Platform Game Assets/Tiles/2.5D Tiles/Autumn ( Update 1.9 )/256x256/GrassCliffMid.png
  artifactKey: Guid(7c306cac28dc29a46b40edcc64e79dda) Importer(815301076,1909f56bfc062723c751e8b465ee728b)
Start importing Assets/BayatGames/Free Platform Game Assets/Tiles/2.5D Tiles/Autumn ( Update 1.9 )/256x256/GrassCliffMid.png using Guid(7c306cac28dc29a46b40edcc64e79dda) Importer(815301076,1909f56bfc062723c751e8b465ee728b)  -> (artifact id: 'f5a745c4d3fbce0994a4f18c3821f9f9') in 0.027675 seconds
Number of updated asset objects reloaded before import = 0
Number of asset objects unloaded after import = 3
========================================================================
Received Import Request.
  Time since last request: 0.000020 seconds.
  path: Assets/BayatGames/Free Platform Game Assets/Tiles/2.5D Tiles/Autumn ( Update 1.9 )/256x256/GrassLeft.png
  artifactKey: Guid(740b59af5c5caff49b91ea3ff23ae473) Importer(815301076,1909f56bfc062723c751e8b465ee728b)
Start importing Assets/BayatGames/Free Platform Game Assets/Tiles/2.5D Tiles/Autumn ( Update 1.9 )/256x256/GrassLeft.png using Guid(740b59af5c5caff49b91ea3ff23ae473) Importer(815301076,1909f56bfc062723c751e8b465ee728b)  -> (artifact id: 'edda4c34daab532444c358d55e3d7fa6') in 0.026332 seconds
Number of updated asset objects reloaded before import = 0
Number of asset objects unloaded after import = 3
========================================================================
Received Import Request.
  Time since last request: 0.000038 seconds.
  path: Assets/BayatGames/Free Platform Game Assets/Tiles/2.5D Tiles/Autumn ( Update 1.9 )/256x256/GrassJoinHillLeft.png
  artifactKey: Guid(4760b6de9d3d8834daeecfa60fa1bad4) Importer(815301076,1909f56bfc062723c751e8b465ee728b)
Start importing Assets/BayatGames/Free Platform Game Assets/Tiles/2.5D Tiles/Autumn ( Update 1.9 )/256x256/GrassJoinHillLeft.png using Guid(4760b6de9d3d8834daeecfa60fa1bad4) Importer(815301076,1909f56bfc062723c751e8b465ee728b)  -> (artifact id: 'a6128280d7a38747b995fd4e15efbcf8') in 0.028956 seconds
Number of updated asset objects reloaded before import = 0
Number of asset objects unloaded after import = 3
========================================================================
Received Import Request.
  Time since last request: 0.000020 seconds.
  path: Assets/BayatGames/Free Platform Game Assets/Tiles/2.5D Tiles/Autumn ( Update 1.9 )/256x256/GrassJoinHillLeft2 WithDropShadow.png
  artifactKey: Guid(b7be19f1f6a280b468b8c78cc115581d) Importer(815301076,1909f56bfc062723c751e8b465ee728b)
Start importing Assets/BayatGames/Free Platform Game Assets/Tiles/2.5D Tiles/Autumn ( Update 1.9 )/256x256/GrassJoinHillLeft2 WithDropShadow.png using Guid(b7be19f1f6a280b468b8c78cc115581d) Importer(815301076,1909f56bfc062723c751e8b465ee728b)  -> (artifact id: '01d37d14adddf4d0f80213310f501783') in 0.025927 seconds
Number of updated asset objects reloaded before import = 0
Number of asset objects unloaded after import = 3
========================================================================
Received Import Request.
  Time since last request: 0.000042 seconds.
  path: Assets/BayatGames/Free Platform Game Assets/Tiles/2.5D Tiles/Autumn ( Update 1.9 )/256x256/HillLeft2 WithDropShadow.png
  artifactKey: Guid(b18b030d2dbadb141be1d753488481aa) Importer(815301076,1909f56bfc062723c751e8b465ee728b)
Start importing Assets/BayatGames/Free Platform Game Assets/Tiles/2.5D Tiles/Autumn ( Update 1.9 )/256x256/HillLeft2 WithDropShadow.png using Guid(b18b030d2dbadb141be1d753488481aa) Importer(815301076,1909f56bfc062723c751e8b465ee728b)  -> (artifact id: 'fc9b1bfb9da3d1da27b92ea5d3de529d') in 0.030143 seconds
Number of updated asset objects reloaded before import = 0
Number of asset objects unloaded after import = 3
========================================================================
Received Import Request.
  Time since last request: 0.000027 seconds.
  path: Assets/BayatGames/Free Platform Game Assets/Tiles/2.5D Tiles/Autumn ( Update 1.9 )/256x256/GrassJoinHillRight2.png
  artifactKey: Guid(397abc447543a234e8df9060188c1311) Importer(815301076,1909f56bfc062723c751e8b465ee728b)
Start importing Assets/BayatGames/Free Platform Game Assets/Tiles/2.5D Tiles/Autumn ( Update 1.9 )/256x256/GrassJoinHillRight2.png using Guid(397abc447543a234e8df9060188c1311) Importer(815301076,1909f56bfc062723c751e8b465ee728b)  -> (artifact id: 'edbbee162eab1ea1de09bb932064ec9d') in 0.029885 seconds
Number of updated asset objects reloaded before import = 0
Number of asset objects unloaded after import = 3
========================================================================
Received Import Request.
  Time since last request: 0.000031 seconds.
  path: Assets/BayatGames/Free Platform Game Assets/Tiles/2.5D Tiles/Autumn ( Update 1.9 )/256x256/GrassJoinHillRight2&Left2.png
  artifactKey: Guid(8d7e6a8034450cb4aadd4858295cb2b9) Importer(815301076,1909f56bfc062723c751e8b465ee728b)
Start importing Assets/BayatGames/Free Platform Game Assets/Tiles/2.5D Tiles/Autumn ( Update 1.9 )/256x256/GrassJoinHillRight2&Left2.png using Guid(8d7e6a8034450cb4aadd4858295cb2b9) Importer(815301076,1909f56bfc062723c751e8b465ee728b)  -> (artifact id: 'dd6b89173afba7d442f1b617d0e0696f') in 0.026370 seconds
Number of updated asset objects reloaded before import = 0
Number of asset objects unloaded after import = 3
========================================================================
Received Import Request.
  Time since last request: 221.366607 seconds.
  path: Assets/BayatGames/Free Platform Game Assets/Tiles/2.5D Tiles/Autumn ( Update 1.9 )/128x128/GrassCliffLeft.png
  artifactKey: Guid(9c1faccaee2c19e49833d708e106c238) Importer(815301076,1909f56bfc062723c751e8b465ee728b)
Start importing Assets/BayatGames/Free Platform Game Assets/Tiles/2.5D Tiles/Autumn ( Update 1.9 )/128x128/GrassCliffLeft.png using Guid(9c1faccaee2c19e49833d708e106c238) Importer(815301076,1909f56bfc062723c751e8b465ee728b)  -> (artifact id: 'ec6a0eaeadbc7bdec41c4f0b7c2b7267') in 0.023443 seconds
Number of updated asset objects reloaded before import = 0
Number of asset objects unloaded after import = 3
========================================================================
Received Import Request.
  Time since last request: 0.000083 seconds.
  path: Assets/BayatGames/Free Platform Game Assets/Tiles/2.5D Tiles/Autumn ( Update 1.9 )/128x128/GrassCliffRight.png
  artifactKey: Guid(b26bf0e48adcc094fa9647a0304c7c71) Importer(815301076,1909f56bfc062723c751e8b465ee728b)
Start importing Assets/BayatGames/Free Platform Game Assets/Tiles/2.5D Tiles/Autumn ( Update 1.9 )/128x128/GrassCliffRight.png using Guid(b26bf0e48adcc094fa9647a0304c7c71) Importer(815301076,1909f56bfc062723c751e8b465ee728b)  -> (artifact id: 'd3a782eb3e97bec3409d1e4286899e78') in 0.027674 seconds
Number of updated asset objects reloaded before import = 0
Number of asset objects unloaded after import = 3
========================================================================
Received Import Request.
  Time since last request: 0.000025 seconds.
  path: Assets/BayatGames/Free Platform Game Assets/Tiles/2.5D Tiles/Autumn ( Update 1.9 )/128x128/GrassLeft.png
  artifactKey: Guid(355ea20c28e2f8140b21fdb8ee93aa23) Importer(815301076,1909f56bfc062723c751e8b465ee728b)
Start importing Assets/BayatGames/Free Platform Game Assets/Tiles/2.5D Tiles/Autumn ( Update 1.9 )/128x128/GrassLeft.png using Guid(355ea20c28e2f8140b21fdb8ee93aa23) Importer(815301076,1909f56bfc062723c751e8b465ee728b)  -> (artifact id: '05f14dd9f425e5db28741405b7291dc1') in 0.024896 seconds
Number of updated asset objects reloaded before import = 0
Number of asset objects unloaded after import = 3
========================================================================
Received Import Request.
  Time since last request: 0.000037 seconds.
  path: Assets/BayatGames/Free Platform Game Assets/Tiles/2.5D Tiles/Autumn ( Update 1.9 )/128x128/GrassJoinHillLeft2 WithDropShadow.png
  artifactKey: Guid(4b940381d8552924582425258ad83f2c) Importer(815301076,1909f56bfc062723c751e8b465ee728b)
Start importing Assets/BayatGames/Free Platform Game Assets/Tiles/2.5D Tiles/Autumn ( Update 1.9 )/128x128/GrassJoinHillLeft2 WithDropShadow.png using Guid(4b940381d8552924582425258ad83f2c) Importer(815301076,1909f56bfc062723c751e8b465ee728b)  -> (artifact id: '83e62378ab1416b123d7afee8b6d6fef') in 0.029367 seconds
Number of updated asset objects reloaded before import = 0
Number of asset objects unloaded after import = 3
========================================================================
Received Import Request.
  Time since last request: 0.000021 seconds.
  path: Assets/BayatGames/Free Platform Game Assets/Tiles/2.5D Tiles/Autumn ( Update 1.9 )/128x128/HillLeft.png
  artifactKey: Guid(1146804175835db4bbbd3bc0cb471dd4) Importer(815301076,1909f56bfc062723c751e8b465ee728b)
Start importing Assets/BayatGames/Free Platform Game Assets/Tiles/2.5D Tiles/Autumn ( Update 1.9 )/128x128/HillLeft.png using Guid(1146804175835db4bbbd3bc0cb471dd4) Importer(815301076,1909f56bfc062723c751e8b465ee728b)  -> (artifact id: '9930dab5c7bbe1d068945b8411bbef8a') in 0.027994 seconds
Number of updated asset objects reloaded before import = 0
Number of asset objects unloaded after import = 3
========================================================================
Received Import Request.
  Time since last request: 0.000029 seconds.
  path: Assets/BayatGames/Free Platform Game Assets/Tiles/2.5D Tiles/Autumn ( Update 1.9 )/128x128/GrassJoinHillRight2.png
  artifactKey: Guid(0e0afb9416cf39147b3b6dca0c7328a1) Importer(815301076,1909f56bfc062723c751e8b465ee728b)
Start importing Assets/BayatGames/Free Platform Game Assets/Tiles/2.5D Tiles/Autumn ( Update 1.9 )/128x128/GrassJoinHillRight2.png using Guid(0e0afb9416cf39147b3b6dca0c7328a1) Importer(815301076,1909f56bfc062723c751e8b465ee728b)  -> (artifact id: '6937951f2d80d4a87521f7e5ef01bb25') in 0.030613 seconds
Number of updated asset objects reloaded before import = 0
Number of asset objects unloaded after import = 3
========================================================================
Received Import Request.
  Time since last request: 0.000032 seconds.
  path: Assets/BayatGames/Free Platform Game Assets/Tiles/2.5D Tiles/Autumn ( Update 1.9 )/128x128/GrassJoinHillRight.png
  artifactKey: Guid(2ed1eaa5b54b92a4aaf65355018819b8) Importer(815301076,1909f56bfc062723c751e8b465ee728b)
Start importing Assets/BayatGames/Free Platform Game Assets/Tiles/2.5D Tiles/Autumn ( Update 1.9 )/128x128/GrassJoinHillRight.png using Guid(2ed1eaa5b54b92a4aaf65355018819b8) Importer(815301076,1909f56bfc062723c751e8b465ee728b)  -> (artifact id: 'ca31be4f89a61396df7a64c3e8eab55d') in 0.026108 seconds
Number of updated asset objects reloaded before import = 0
Number of asset objects unloaded after import = 3
========================================================================
Received Import Request.
  Time since last request: 0.000051 seconds.
  path: Assets/BayatGames/Free Platform Game Assets/Tiles/2.5D Tiles/Autumn ( Update 1.9 )/128x128/GrassCliffMid.png
  artifactKey: Guid(7b79f7d249f2d2f45b408eb3a36f88d4) Importer(815301076,1909f56bfc062723c751e8b465ee728b)
Start importing Assets/BayatGames/Free Platform Game Assets/Tiles/2.5D Tiles/Autumn ( Update 1.9 )/128x128/GrassCliffMid.png using Guid(7b79f7d249f2d2f45b408eb3a36f88d4) Importer(815301076,1909f56bfc062723c751e8b465ee728b)  -> (artifact id: '7bd5d7523f209672dc04e67f7b70a5ee') in 0.025121 seconds
Number of updated asset objects reloaded before import = 0
Number of asset objects unloaded after import = 3
========================================================================
Received Import Request.
  Time since last request: 0.000022 seconds.
  path: Assets/BayatGames/Free Platform Game Assets/Tiles/2.5D Tiles/Autumn ( Update 1.9 )/128x128/GrassJoinHillLeft&Right.png
  artifactKey: Guid(041a264042118224996c09d1f7dfb2a5) Importer(815301076,1909f56bfc062723c751e8b465ee728b)
Start importing Assets/BayatGames/Free Platform Game Assets/Tiles/2.5D Tiles/Autumn ( Update 1.9 )/128x128/GrassJoinHillLeft&Right.png using Guid(041a264042118224996c09d1f7dfb2a5) Importer(815301076,1909f56bfc062723c751e8b465ee728b)  -> (artifact id: '10104e13ddb094e87d465158f9d8f4f0') in 0.027330 seconds
Number of updated asset objects reloaded before import = 0
Number of asset objects unloaded after import = 3
========================================================================
Received Import Request.
  Time since last request: 107.627904 seconds.
  path: Assets/Tugas7/Tile Palette/GrassCliffLeft.asset
  artifactKey: Guid(d0981d5c9a6c8f24ea958d2e60f8e1b9) Importer(815301076,1909f56bfc062723c751e8b465ee728b)
Start importing Assets/Tugas7/Tile Palette/GrassCliffLeft.asset using Guid(d0981d5c9a6c8f24ea958d2e60f8e1b9) Importer(815301076,1909f56bfc062723c751e8b465ee728b)  -> (artifact id: '417ba9e488e6d87d9bcff44cbb6fce95') in 0.059967 seconds
Number of updated asset objects reloaded before import = 0
Number of asset objects unloaded after import = 3
========================================================================
Received Import Request.
  Time since last request: 0.000029 seconds.
  path: Assets/Tugas7/Tile Palette/GrassJoinHillLeft2.asset
  artifactKey: Guid(1bca759bc57a5d643942d0ed59d58edd) Importer(815301076,1909f56bfc062723c751e8b465ee728b)
Start importing Assets/Tugas7/Tile Palette/GrassJoinHillLeft2.asset using Guid(1bca759bc57a5d643942d0ed59d58edd) Importer(815301076,1909f56bfc062723c751e8b465ee728b)  -> (artifact id: '9b571d74f784ccb01caa2eaea9672d29') in 0.016047 seconds
Number of updated asset objects reloaded before import = 0
Number of asset objects unloaded after import = 3
========================================================================
Received Import Request.
  Time since last request: 0.000029 seconds.
  path: Assets/Tugas7/Tile Palette/GrassMid_19.asset
  artifactKey: Guid(7448409e1fbeb4e4c890769421568253) Importer(815301076,1909f56bfc062723c751e8b465ee728b)
Start importing Assets/Tugas7/Tile Palette/GrassMid_19.asset using Guid(7448409e1fbeb4e4c890769421568253) Importer(815301076,1909f56bfc062723c751e8b465ee728b)  -> (artifact id: '28a2a4bf67a9e3d2bb0370e001db0d30') in 0.014307 seconds
Number of updated asset objects reloaded before import = 0
Number of asset objects unloaded after import = 3
========================================================================
Received Import Request.
  Time since last request: 0.000029 seconds.
  path: Assets/Tugas7/Tile Palette/HillLeft2.asset
  artifactKey: Guid(5b5a7b9bf2b71124785c1272d9245ea2) Importer(815301076,1909f56bfc062723c751e8b465ee728b)
Start importing Assets/Tugas7/Tile Palette/HillLeft2.asset using Guid(5b5a7b9bf2b71124785c1272d9245ea2) Importer(815301076,1909f56bfc062723c751e8b465ee728b)  -> (artifact id: '882e3dd95fd47eb7d509e5c83f60f4e5') in 0.018533 seconds
Number of updated asset objects reloaded before import = 0
Number of asset objects unloaded after import = 3
========================================================================
Received Import Request.
  Time since last request: 0.000255 seconds.
  path: Assets/Tugas7/Tile Palette/GrassLeft.asset
  artifactKey: Guid(0b6dcbb5fcb470f489e282bffcf5f73d) Importer(815301076,1909f56bfc062723c751e8b465ee728b)
Start importing Assets/Tugas7/Tile Palette/GrassLeft.asset using Guid(0b6dcbb5fcb470f489e282bffcf5f73d) Importer(815301076,1909f56bfc062723c751e8b465ee728b)  -> (artifact id: '0ba4e4ec7f048af483e3680f9e34eb3c') in 0.007709 seconds
Number of updated asset objects reloaded before import = 0
Number of asset objects unloaded after import = 3
========================================================================
Received Import Request.
  Time since last request: 0.000024 seconds.
  path: Assets/Tugas7/Tile Palette/GrassRight.asset
  artifactKey: Guid(09f04cfe30011b74dbd254a561f297b7) Importer(815301076,1909f56bfc062723c751e8b465ee728b)
Start importing Assets/Tugas7/Tile Palette/GrassRight.asset using Guid(09f04cfe30011b74dbd254a561f297b7) Importer(815301076,1909f56bfc062723c751e8b465ee728b)  -> (artifact id: '24dfd86f80bd2f73659a50ee544ed401') in 0.020643 seconds
Number of updated asset objects reloaded before import = 0
Number of asset objects unloaded after import = 3
========================================================================
Received Import Request.
  Time since last request: 0.000042 seconds.
  path: Assets/Tugas7/Tile Palette/GrassJoinHillRight WithDropShadow.asset
  artifactKey: Guid(907d5ff7e24681a40a3bb056b0ea9d63) Importer(815301076,1909f56bfc062723c751e8b465ee728b)
Start importing Assets/Tugas7/Tile Palette/GrassJoinHillRight WithDropShadow.asset using Guid(907d5ff7e24681a40a3bb056b0ea9d63) Importer(815301076,1909f56bfc062723c751e8b465ee728b)  -> (artifact id: 'f851bbcef7c860d8ba5ba36bdac4f925') in 0.017158 seconds
Number of updated asset objects reloaded before import = 0
Number of asset objects unloaded after import = 3
========================================================================
Received Import Request.
  Time since last request: 0.000055 seconds.
  path: Assets/Tugas7/Tile Palette/GrassMid.asset
  artifactKey: Guid(94aaa1b880e384647b9985cfd10d67ef) Importer(815301076,1909f56bfc062723c751e8b465ee728b)
Start importing Assets/Tugas7/Tile Palette/GrassMid.asset using Guid(94aaa1b880e384647b9985cfd10d67ef) Importer(815301076,1909f56bfc062723c751e8b465ee728b)  -> (artifact id: 'e3958587eff69a6b19fa5ec43dddbdad') in 0.010156 seconds
Number of updated asset objects reloaded before import = 0
Number of asset objects unloaded after import = 3
========================================================================
Received Import Request.
  Time since last request: 0.000035 seconds.
  path: Assets/Tugas7/Tile Palette/GrassJoinHillRight2.asset
  artifactKey: Guid(76b63658c7b8ff24caf201cab6fad0c2) Importer(815301076,1909f56bfc062723c751e8b465ee728b)
Start importing Assets/Tugas7/Tile Palette/GrassJoinHillRight2.asset using Guid(76b63658c7b8ff24caf201cab6fad0c2) Importer(815301076,1909f56bfc062723c751e8b465ee728b)  -> (artifact id: '9150c9d1426a6ec03d3e6418114f68a3') in 0.015475 seconds
Number of updated asset objects reloaded before import = 0
Number of asset objects unloaded after import = 3
========================================================================
Received Import Request.
  Time since last request: 0.000030 seconds.
  path: Assets/Tugas7/Tile Palette/GrassCliffMid.asset
  artifactKey: Guid(bc548706d1ce3414884a4e800c7589f1) Importer(815301076,1909f56bfc062723c751e8b465ee728b)
Start importing Assets/Tugas7/Tile Palette/GrassCliffMid.asset using Guid(bc548706d1ce3414884a4e800c7589f1) Importer(815301076,1909f56bfc062723c751e8b465ee728b)  -> (artifact id: '04e890a214eeba20cef136b148c38853') in 0.019800 seconds
Number of updated asset objects reloaded before import = 0
Number of asset objects unloaded after import = 3
========================================================================
Received Import Request.
  Time since last request: 0.000030 seconds.
  path: Assets/Tugas7/Tile Palette/GrassJoinHillLeft2 WithDropShadow.asset
  artifactKey: Guid(03a3717b5db457a4a855c92e6deefa0b) Importer(815301076,1909f56bfc062723c751e8b465ee728b)
Start importing Assets/Tugas7/Tile Palette/GrassJoinHillLeft2 WithDropShadow.asset using Guid(03a3717b5db457a4a855c92e6deefa0b) Importer(815301076,1909f56bfc062723c751e8b465ee728b)  -> (artifact id: '36f999c5eab9bd94de545005f9c36dc1') in 0.015007 seconds
Number of updated asset objects reloaded before import = 0
Number of asset objects unloaded after import = 3
========================================================================
Received Import Request.
  Time since last request: 0.848463 seconds.
  path: Assets/Tugas7/Tile Palette/HillRight.asset
  artifactKey: Guid(ab57c4f1dd9e278468bb7a9ddd9ed037) Importer(815301076,1909f56bfc062723c751e8b465ee728b)
Start importing Assets/Tugas7/Tile Palette/HillRight.asset using Guid(ab57c4f1dd9e278468bb7a9ddd9ed037) Importer(815301076,1909f56bfc062723c751e8b465ee728b)  -> (artifact id: '1ccea8969cdfa6c794378b480458dd59') in 0.017751 seconds
Number of updated asset objects reloaded before import = 0
Number of asset objects unloaded after import = 3
========================================================================
Received Import Request.
  Time since last request: 0.000076 seconds.
  path: Assets/Tugas7/Tile Palette/HillRight2.asset
  artifactKey: Guid(9592cdaffddb0ae4eae90da662cb1677) Importer(815301076,1909f56bfc062723c751e8b465ee728b)
Start importing Assets/Tugas7/Tile Palette/HillRight2.asset using Guid(9592cdaffddb0ae4eae90da662cb1677) Importer(815301076,1909f56bfc062723c751e8b465ee728b)  -> (artifact id: '00e9f22c1312b026497b898fbb03f5a9') in 0.017084 seconds
Number of updated asset objects reloaded before import = 0
Number of asset objects unloaded after import = 3
========================================================================
Received Import Request.
  Time since last request: 0.053108 seconds.
  path: Assets/Tugas7/Tile Palette/New Palette 1.prefab
  artifactKey: Guid(3a4da2781c580df4084b186aa562751f) Importer(815301076,1909f56bfc062723c751e8b465ee728b)
Start importing Assets/Tugas7/Tile Palette/New Palette 1.prefab using Guid(3a4da2781c580df4084b186aa562751f) Importer(815301076,1909f56bfc062723c751e8b465ee728b)  -> (artifact id: 'c5ce8874cde1dbcc914075e2d9836820') in 0.125127 seconds
Number of updated asset objects reloaded before import = 0
Number of asset objects unloaded after import = 79
========================================================================
Received Import Request.
  Time since last request: 63.962253 seconds.
  path: Assets/BayatGames/Free Platform Game Assets/Tiles/2.5D Tiles/Autumn ( Update 1.9 )/128x128/HillRight.png
  artifactKey: Guid(87cf39afd23202f4d9a176571e3d621c) Importer(815301076,1909f56bfc062723c751e8b465ee728b)
Start importing Assets/BayatGames/Free Platform Game Assets/Tiles/2.5D Tiles/Autumn ( Update 1.9 )/128x128/HillRight.png using Guid(87cf39afd23202f4d9a176571e3d621c) Importer(815301076,1909f56bfc062723c751e8b465ee728b)  -> (artifact id: '2908dbb0f24b28413a10915f98f76e7e') in 0.029292 seconds
Number of updated asset objects reloaded before import = 0
Number of asset objects unloaded after import = 3
========================================================================
Received Import Request.
  Time since last request: 0.000029 seconds.
  path: Assets/BayatGames/Free Platform Game Assets/Tiles/2.5D Tiles/Autumn ( Update 1.9 )/128x128/HillRight2.png
  artifactKey: Guid(5ee10494f75313543a16835b9b3bf37c) Importer(815301076,1909f56bfc062723c751e8b465ee728b)
Start importing Assets/BayatGames/Free Platform Game Assets/Tiles/2.5D Tiles/Autumn ( Update 1.9 )/128x128/HillRight2.png using Guid(5ee10494f75313543a16835b9b3bf37c) Importer(815301076,1909f56bfc062723c751e8b465ee728b)  -> (artifact id: '3252e364917d660f4d0feda055e26b31') in 0.026580 seconds
Number of updated asset objects reloaded before import = 0
Number of asset objects unloaded after import = 3
========================================================================
Received Import Request.
  Time since last request: 440.189777 seconds.
  path: Assets/BayatGames/Free Platform Game Assets/Environments/Environments/png/All/1x/Asset 2.png
  artifactKey: Guid(362ffd440e40a10488d1e62f9ce65444) Importer(815301076,1909f56bfc062723c751e8b465ee728b)
Start importing Assets/BayatGames/Free Platform Game Assets/Environments/Environments/png/All/1x/Asset 2.png using Guid(362ffd440e40a10488d1e62f9ce65444) Importer(815301076,1909f56bfc062723c751e8b465ee728b)  -> (artifact id: '9ad69958f73ce8e1ddac8c8b6ea69586') in 0.030883 seconds
Number of updated asset objects reloaded before import = 0
Number of asset objects unloaded after import = 3
========================================================================
Received Import Request.
  Time since last request: 0.000025 seconds.
  path: Assets/BayatGames/Free Platform Game Assets/Environments/Environments/png/All/1x/Asset 14.png
  artifactKey: Guid(0c548135114f2294facebd4e6387ee0a) Importer(815301076,1909f56bfc062723c751e8b465ee728b)
Start importing Assets/BayatGames/Free Platform Game Assets/Environments/Environments/png/All/1x/Asset 14.png using Guid(0c548135114f2294facebd4e6387ee0a) Importer(815301076,1909f56bfc062723c751e8b465ee728b)  -> (artifact id: '7a7630f214507957783315b8b415c118') in 0.024122 seconds
Number of updated asset objects reloaded before import = 0
Number of asset objects unloaded after import = 3
========================================================================
Received Import Request.
  Time since last request: 0.000037 seconds.
  path: Assets/BayatGames/Free Platform Game Assets/Environments/Environments/png/All/1x/Asset 11.png
  artifactKey: Guid(2dbf16468d8cb334684da868d46654af) Importer(815301076,1909f56bfc062723c751e8b465ee728b)
Start importing Assets/BayatGames/Free Platform Game Assets/Environments/Environments/png/All/1x/Asset 11.png using Guid(2dbf16468d8cb334684da868d46654af) Importer(815301076,1909f56bfc062723c751e8b465ee728b)  -> (artifact id: 'f7899079105787788c101fc659fc07a0') in 0.031039 seconds
Number of updated asset objects reloaded before import = 0
Number of asset objects unloaded after import = 3
========================================================================
Received Import Request.
  Time since last request: 0.000074 seconds.
  path: Assets/BayatGames/Free Platform Game Assets/Environments/Environments/png/All/1x/Asset 6.png
  artifactKey: Guid(b582390aa99e7cd4e8b6b982b0ec356f) Importer(815301076,1909f56bfc062723c751e8b465ee728b)
Start importing Assets/BayatGames/Free Platform Game Assets/Environments/Environments/png/All/1x/Asset 6.png using Guid(b582390aa99e7cd4e8b6b982b0ec356f) Importer(815301076,1909f56bfc062723c751e8b465ee728b)  -> (artifact id: '12ff435066ee3795cfc79c4e660ef0e9') in 0.029581 seconds
Number of updated asset objects reloaded before import = 0
Number of asset objects unloaded after import = 3
========================================================================
Received Import Request.
  Time since last request: 0.000047 seconds.
  path: Assets/BayatGames/Free Platform Game Assets/Environments/Environments/png/All/1x/Asset 7.png
  artifactKey: Guid(d2f3bd2050e99cb4289aa80c87210a19) Importer(815301076,1909f56bfc062723c751e8b465ee728b)
Start importing Assets/BayatGames/Free Platform Game Assets/Environments/Environments/png/All/1x/Asset 7.png using Guid(d2f3bd2050e99cb4289aa80c87210a19) Importer(815301076,1909f56bfc062723c751e8b465ee728b)  -> (artifact id: 'db3ba0ab2d63bda1e91835ce1c054fcc') in 0.028739 seconds
Number of updated asset objects reloaded before import = 0
Number of asset objects unloaded after import = 3
========================================================================
Received Import Request.
  Time since last request: 0.000026 seconds.
  path: Assets/BayatGames/Free Platform Game Assets/Environments/Environments/png/All/1x/Asset 3.png
  artifactKey: Guid(179847ce42cb60d479d0f6c68f21bad1) Importer(815301076,1909f56bfc062723c751e8b465ee728b)
Start importing Assets/BayatGames/Free Platform Game Assets/Environments/Environments/png/All/1x/Asset 3.png using Guid(179847ce42cb60d479d0f6c68f21bad1) Importer(815301076,1909f56bfc062723c751e8b465ee728b)  -> (artifact id: '7b02877d6c4b91c055d6339f77abad09') in 0.028832 seconds
Number of updated asset objects reloaded before import = 0
Number of asset objects unloaded after import = 3
========================================================================
Received Import Request.
  Time since last request: 0.000026 seconds.
  path: Assets/BayatGames/Free Platform Game Assets/Environments/Environments/png/All/1x/Asset 4.png
  artifactKey: Guid(a6a122b38547e0a458af7a1d2263167f) Importer(815301076,1909f56bfc062723c751e8b465ee728b)
Start importing Assets/BayatGames/Free Platform Game Assets/Environments/Environments/png/All/1x/Asset 4.png using Guid(a6a122b38547e0a458af7a1d2263167f) Importer(815301076,1909f56bfc062723c751e8b465ee728b)  -> (artifact id: 'e2c0d3145f18af75976320db3f077827') in 0.028958 seconds
Number of updated asset objects reloaded before import = 0
Number of asset objects unloaded after import = 3
========================================================================
Received Import Request.
  Time since last request: 115.551547 seconds.
  path: Assets/BayatGames/Free Platform Game Assets/Environments/Environments/png/All/2x/Asset 2.png
  artifactKey: Guid(f9fe5cf468717be439bfd40a409758d8) Importer(815301076,1909f56bfc062723c751e8b465ee728b)
Start importing Assets/BayatGames/Free Platform Game Assets/Environments/Environments/png/All/2x/Asset 2.png using Guid(f9fe5cf468717be439bfd40a409758d8) Importer(815301076,1909f56bfc062723c751e8b465ee728b)  -> (artifact id: '6bd3eda625458f8410ec7e0af54be390') in 0.032164 seconds
Number of updated asset objects reloaded before import = 0
Number of asset objects unloaded after import = 3
========================================================================
Received Import Request.
  Time since last request: 0.000111 seconds.
  path: Assets/BayatGames/Free Platform Game Assets/Environments/Environments/png/All/2x/Asset 4.png
  artifactKey: Guid(6215e52046168f94fafa3616b65c7098) Importer(815301076,1909f56bfc062723c751e8b465ee728b)
Start importing Assets/BayatGames/Free Platform Game Assets/Environments/Environments/png/All/2x/Asset 4.png using Guid(6215e52046168f94fafa3616b65c7098) Importer(815301076,1909f56bfc062723c751e8b465ee728b)  -> (artifact id: 'a6102d1e9ea0c7472c7d72e1f0e8946c') in 0.030538 seconds
Number of updated asset objects reloaded before import = 0
Number of asset objects unloaded after import = 3
========================================================================
Received Import Request.
  Time since last request: 0.000019 seconds.
  path: Assets/BayatGames/Free Platform Game Assets/Environments/Environments/png/All/2x/Asset 6.png
  artifactKey: Guid(c0967db3fe716a74fa0767d218f1deb6) Importer(815301076,1909f56bfc062723c751e8b465ee728b)
Start importing Assets/BayatGames/Free Platform Game Assets/Environments/Environments/png/All/2x/Asset 6.png using Guid(c0967db3fe716a74fa0767d218f1deb6) Importer(815301076,1909f56bfc062723c751e8b465ee728b)  -> (artifact id: 'f4161966273428fe107fc401ac5200ba') in 0.027662 seconds
Number of updated asset objects reloaded before import = 0
Number of asset objects unloaded after import = 3
========================================================================
Received Import Request.
  Time since last request: 0.000025 seconds.
  path: Assets/BayatGames/Free Platform Game Assets/Environments/Environments/png/All/2x/Asset 9.png
  artifactKey: Guid(c4aa5ecb3a25b864a8ce984a6b56cec8) Importer(815301076,1909f56bfc062723c751e8b465ee728b)
Start importing Assets/BayatGames/Free Platform Game Assets/Environments/Environments/png/All/2x/Asset 9.png using Guid(c4aa5ecb3a25b864a8ce984a6b56cec8) Importer(815301076,1909f56bfc062723c751e8b465ee728b)  -> (artifact id: 'e2a422c1faa76292d685dff794bba126') in 0.030736 seconds
Number of updated asset objects reloaded before import = 0
Number of asset objects unloaded after import = 3
========================================================================
Received Import Request.
  Time since last request: 0.000047 seconds.
  path: Assets/BayatGames/Free Platform Game Assets/Environments/Environments/png/All/2x/Asset 11.png
  artifactKey: Guid(d671be13068d76d478c36766419a35b0) Importer(815301076,1909f56bfc062723c751e8b465ee728b)
Start importing Assets/BayatGames/Free Platform Game Assets/Environments/Environments/png/All/2x/Asset 11.png using Guid(d671be13068d76d478c36766419a35b0) Importer(815301076,1909f56bfc062723c751e8b465ee728b)  -> (artifact id: '45cb3f6a549e149b91b33f1ea06f33f4') in 0.030825 seconds
Number of updated asset objects reloaded before import = 0
Number of asset objects unloaded after import = 3
========================================================================
Received Import Request.
  Time since last request: 0.000029 seconds.
  path: Assets/BayatGames/Free Platform Game Assets/Environments/Environments/png/All/2x/Asset 3.png
  artifactKey: Guid(ac1d70707f98a4f41b0ce181c25614ab) Importer(815301076,1909f56bfc062723c751e8b465ee728b)
Start importing Assets/BayatGames/Free Platform Game Assets/Environments/Environments/png/All/2x/Asset 3.png using Guid(ac1d70707f98a4f41b0ce181c25614ab) Importer(815301076,1909f56bfc062723c751e8b465ee728b)  -> (artifact id: 'ffc546509ae714bbaeda49154595556b') in 0.030282 seconds
Number of updated asset objects reloaded before import = 0
Number of asset objects unloaded after import = 3
========================================================================
Received Import Request.
  Time since last request: 0.000039 seconds.
  path: Assets/BayatGames/Free Platform Game Assets/Environments/Environments/png/All/2x/Asset 8.png
  artifactKey: Guid(04d3492151cf07447969d611aebd70a3) Importer(815301076,1909f56bfc062723c751e8b465ee728b)
Start importing Assets/BayatGames/Free Platform Game Assets/Environments/Environments/png/All/2x/Asset 8.png using Guid(04d3492151cf07447969d611aebd70a3) Importer(815301076,1909f56bfc062723c751e8b465ee728b)  -> (artifact id: 'd76b1a0c37248a23e949c26a88d56370') in 0.029294 seconds
Number of updated asset objects reloaded before import = 0
Number of asset objects unloaded after import = 3
========================================================================
Received Import Request.
  Time since last request: 15.169578 seconds.
  path: Assets/BayatGames/Free Platform Game Assets/Environments/New Details ( Update 1.9 )/2x/Autumn Tree.png
  artifactKey: Guid(a0719ec8dfd104845904c76b6550b63e) Importer(815301076,1909f56bfc062723c751e8b465ee728b)
Start importing Assets/BayatGames/Free Platform Game Assets/Environments/New Details ( Update 1.9 )/2x/Autumn Tree.png using Guid(a0719ec8dfd104845904c76b6550b63e) Importer(815301076,1909f56bfc062723c751e8b465ee728b)  -> (artifact id: '099fca79fd0329a867e82261ce62649e') in 0.030330 seconds
Number of updated asset objects reloaded before import = 0
Number of asset objects unloaded after import = 3
========================================================================
Received Import Request.
  Time since last request: 0.000021 seconds.
  path: Assets/BayatGames/Free Platform Game Assets/Environments/New Details ( Update 1.9 )/2x/Winter Tree.png
  artifactKey: Guid(e23ebd906a70ca347a1e102f96b7a2aa) Importer(815301076,1909f56bfc062723c751e8b465ee728b)
Start importing Assets/BayatGames/Free Platform Game Assets/Environments/New Details ( Update 1.9 )/2x/Winter Tree.png using Guid(e23ebd906a70ca347a1e102f96b7a2aa) Importer(815301076,1909f56bfc062723c751e8b465ee728b)  -> (artifact id: 'c22b3164724f766d9ee172a3fddee897') in 0.032556 seconds
Number of updated asset objects reloaded before import = 0
Number of asset objects unloaded after import = 3
========================================================================
Received Import Request.
  Time since last request: 0.000030 seconds.
  path: Assets/BayatGames/Free Platform Game Assets/Environments/New Details ( Update 1.9 )/2x/Tree.png
  artifactKey: Guid(ccf2af7e5774cf84592daa40d84c1b60) Importer(815301076,1909f56bfc062723c751e8b465ee728b)
Start importing Assets/BayatGames/Free Platform Game Assets/Environments/New Details ( Update 1.9 )/2x/Tree.png using Guid(ccf2af7e5774cf84592daa40d84c1b60) Importer(815301076,1909f56bfc062723c751e8b465ee728b)  -> (artifact id: '7ff634301f8c1d3846f18a00b61dc254') in 0.030685 seconds
Number of updated asset objects reloaded before import = 0
Number of asset objects unloaded after import = 3
========================================================================
Received Import Request.
  Time since last request: 0.000026 seconds.
  path: Assets/BayatGames/Free Platform Game Assets/Environments/New Details ( Update 1.9 )/2x/Flower-1.png
  artifactKey: Guid(455987c62401e364387f9de25abc1ad8) Importer(815301076,1909f56bfc062723c751e8b465ee728b)
Start importing Assets/BayatGames/Free Platform Game Assets/Environments/New Details ( Update 1.9 )/2x/Flower-1.png using Guid(455987c62401e364387f9de25abc1ad8) Importer(815301076,1909f56bfc062723c751e8b465ee728b)  -> (artifact id: '19f7a6904f5c0aea85225a3ef7b8c976') in 0.028477 seconds
Number of updated asset objects reloaded before import = 0
Number of asset objects unloaded after import = 3
========================================================================
Received Import Request.
  Time since last request: 2.425594 seconds.
  path: Assets/BayatGames/Free Platform Game Assets/Environments/New Details ( Update 1.9 )/4x/Autumn Tree.png
  artifactKey: Guid(194a1025db96a044d8bddd0a902d59c3) Importer(815301076,1909f56bfc062723c751e8b465ee728b)
Start importing Assets/BayatGames/Free Platform Game Assets/Environments/New Details ( Update 1.9 )/4x/Autumn Tree.png using Guid(194a1025db96a044d8bddd0a902d59c3) Importer(815301076,1909f56bfc062723c751e8b465ee728b)  -> (artifact id: '73826bfb82e0a2339a943e655d8b99f0') in 0.026818 seconds
Number of updated asset objects reloaded before import = 0
Number of asset objects unloaded after import = 3
========================================================================
Received Import Request.
  Time since last request: 0.000023 seconds.
  path: Assets/BayatGames/Free Platform Game Assets/Environments/New Details ( Update 1.9 )/4x/Flower-1.png
  artifactKey: Guid(956281b640272d24fa71800b89c62738) Importer(815301076,1909f56bfc062723c751e8b465ee728b)
Start importing Assets/BayatGames/Free Platform Game Assets/Environments/New Details ( Update 1.9 )/4x/Flower-1.png using Guid(956281b640272d24fa71800b89c62738) Importer(815301076,1909f56bfc062723c751e8b465ee728b)  -> (artifact id: '226f68941508bfe5c22e041965adb867') in 0.027694 seconds
Number of updated asset objects reloaded before import = 0
Number of asset objects unloaded after import = 3
========================================================================
Received Import Request.
  Time since last request: 0.000023 seconds.
  path: Assets/BayatGames/Free Platform Game Assets/Environments/New Details ( Update 1.9 )/4x/Tree.png
  artifactKey: Guid(a29e536a6beb98749aeac4557317506e) Importer(815301076,1909f56bfc062723c751e8b465ee728b)
Start importing Assets/BayatGames/Free Platform Game Assets/Environments/New Details ( Update 1.9 )/4x/Tree.png using Guid(a29e536a6beb98749aeac4557317506e) Importer(815301076,1909f56bfc062723c751e8b465ee728b)  -> (artifact id: '94718a7d51dade548d1e8f531ccc48a2') in 0.028938 seconds
Number of updated asset objects reloaded before import = 0
Number of asset objects unloaded after import = 3
========================================================================
Received Import Request.
  Time since last request: 0.000024 seconds.
  path: Assets/BayatGames/Free Platform Game Assets/Environments/New Details ( Update 1.9 )/4x/Flower-2.png
  artifactKey: Guid(f7fdc40cd7c40be49ad2c51a649ac126) Importer(815301076,1909f56bfc062723c751e8b465ee728b)
Start importing Assets/BayatGames/Free Platform Game Assets/Environments/New Details ( Update 1.9 )/4x/Flower-2.png using Guid(f7fdc40cd7c40be49ad2c51a649ac126) Importer(815301076,1909f56bfc062723c751e8b465ee728b)  -> (artifact id: 'a7f7b724c9c81f5ebc14458b42fefb9f') in 0.027854 seconds
Number of updated asset objects reloaded before import = 0
Number of asset objects unloaded after import = 3
========================================================================
Received Import Request.
  Time since last request: 1.016644 seconds.
  path: Assets/BayatGames/Free Platform Game Assets/Environments/New Details ( Update 1.9 )/8x/Autumn Tree.png
  artifactKey: Guid(3db354165a4809e4fbdab2816db81297) Importer(815301076,1909f56bfc062723c751e8b465ee728b)
Start importing Assets/BayatGames/Free Platform Game Assets/Environments/New Details ( Update 1.9 )/8x/Autumn Tree.png using Guid(3db354165a4809e4fbdab2816db81297) Importer(815301076,1909f56bfc062723c751e8b465ee728b)  -> (artifact id: '7934f587271138206d726158507fac8d') in 0.056523 seconds
Number of updated asset objects reloaded before import = 0
Number of asset objects unloaded after import = 3
========================================================================
Received Import Request.
  Time since last request: 0.000081 seconds.
  path: Assets/BayatGames/Free Platform Game Assets/Environments/New Details ( Update 1.9 )/8x/Flower-3.png
  artifactKey: Guid(b356bb7778e1fa248a61d541e70edad9) Importer(815301076,1909f56bfc062723c751e8b465ee728b)
Start importing Assets/BayatGames/Free Platform Game Assets/Environments/New Details ( Update 1.9 )/8x/Flower-3.png using Guid(b356bb7778e1fa248a61d541e70edad9) Importer(815301076,1909f56bfc062723c751e8b465ee728b)  -> (artifact id: '8693ab21c4dbd9c1c7adbe3a54b3d335') in 0.035585 seconds
Number of updated asset objects reloaded before import = 0
Number of asset objects unloaded after import = 3
========================================================================
Received Import Request.
  Time since last request: 0.000197 seconds.
  path: Assets/BayatGames/Free Platform Game Assets/Environments/New Details ( Update 1.9 )/8x/Winter Tree.png
  artifactKey: Guid(81720abf9497de840a457ce9a9d82e2f) Importer(815301076,1909f56bfc062723c751e8b465ee728b)
Start importing Assets/BayatGames/Free Platform Game Assets/Environments/New Details ( Update 1.9 )/8x/Winter Tree.png using Guid(81720abf9497de840a457ce9a9d82e2f) Importer(815301076,1909f56bfc062723c751e8b465ee728b)  -> (artifact id: '47a3cdf4a0115daa1a4bbcb32170af04') in 0.041472 seconds
Number of updated asset objects reloaded before import = 0
Number of asset objects unloaded after import = 3
========================================================================
Received Import Request.
  Time since last request: 0.000056 seconds.
  path: Assets/BayatGames/Free Platform Game Assets/Environments/New Details ( Update 1.9 )/8x/Flower-1.png
  artifactKey: Guid(75bbd849a8be84a4dbc03e1a589904bf) Importer(815301076,1909f56bfc062723c751e8b465ee728b)
Start importing Assets/BayatGames/Free Platform Game Assets/Environments/New Details ( Update 1.9 )/8x/Flower-1.png using Guid(75bbd849a8be84a4dbc03e1a589904bf) Importer(815301076,1909f56bfc062723c751e8b465ee728b)  -> (artifact id: '9b38b7e4f7335a41a04f2756abf1e0bd') in 0.028458 seconds
Number of updated asset objects reloaded before import = 0
Number of asset objects unloaded after import = 3
========================================================================
Received Import Request.
  Time since last request: 491.860260 seconds.
  path: Assets/BayatGames/Free Platform Game Assets/Backgrounds/New Background ( Update 1.7 )/png/1920x1080/All/Hills_2.png
  artifactKey: Guid(55afc4e7a9339724895f7d6841b1acac) Importer(815301076,1909f56bfc062723c751e8b465ee728b)
Start importing Assets/BayatGames/Free Platform Game Assets/Backgrounds/New Background ( Update 1.7 )/png/1920x1080/All/Hills_2.png using Guid(55afc4e7a9339724895f7d6841b1acac) Importer(815301076,1909f56bfc062723c751e8b465ee728b)  -> (artifact id: '405616d0f0522e7a0cff7b30875fc072') in 0.042084 seconds
Number of updated asset objects reloaded before import = 0
Number of asset objects unloaded after import = 3
========================================================================
Received Import Request.
  Time since last request: 7.495169 seconds.
  path: Assets/BayatGames/Free Platform Game Assets/Backgrounds/New Background ( Update 1.9 )/png/1920x1080/all/Front.png
  artifactKey: Guid(b10241ef09ea0ef4eb9f23cfa77d3266) Importer(815301076,1909f56bfc062723c751e8b465ee728b)
Start importing Assets/BayatGames/Free Platform Game Assets/Backgrounds/New Background ( Update 1.9 )/png/1920x1080/all/Front.png using Guid(b10241ef09ea0ef4eb9f23cfa77d3266) Importer(815301076,1909f56bfc062723c751e8b465ee728b)  -> (artifact id: 'c9738c33d1fb331817f7d5b8fd261f05') in 0.031082 seconds
Number of updated asset objects reloaded before import = 0
Number of asset objects unloaded after import = 3
========================================================================
Received Import Request.
  Time since last request: 0.000048 seconds.
  path: Assets/BayatGames/Free Platform Game Assets/Backgrounds/New Background ( Update 1.9 )/png/1920x1080/all/Mid.png
  artifactKey: Guid(6b1b548d67ce21040b08e00d8bb97f62) Importer(815301076,1909f56bfc062723c751e8b465ee728b)
Start importing Assets/BayatGames/Free Platform Game Assets/Backgrounds/New Background ( Update 1.9 )/png/1920x1080/all/Mid.png using Guid(6b1b548d67ce21040b08e00d8bb97f62) Importer(815301076,1909f56bfc062723c751e8b465ee728b)  -> (artifact id: '4195968267f457838356f5bf6239f797') in 0.030800 seconds
Number of updated asset objects reloaded before import = 0
Number of asset objects unloaded after import = 3
========================================================================
Received Import Request.
  Time since last request: 1.065500 seconds.
  path: Assets/BayatGames/Free Platform Game Assets/Backgrounds/New Background ( Update 1.9 )/png/1920x1080/background/NewBackgraound 1920x1080 (2).png
  artifactKey: Guid(b165ec2539a23044ca486a2248259c5e) Importer(815301076,1909f56bfc062723c751e8b465ee728b)
Start importing Assets/BayatGames/Free Platform Game Assets/Backgrounds/New Background ( Update 1.9 )/png/1920x1080/background/NewBackgraound 1920x1080 (2).png using Guid(b165ec2539a23044ca486a2248259c5e) Importer(815301076,1909f56bfc062723c751e8b465ee728b)  -> (artifact id: '7bb97e0501801a2c03ba316811b419b5') in 0.037597 seconds
Number of updated asset objects reloaded before import = 0
Number of asset objects unloaded after import = 3
========================================================================
Received Import Request.
  Time since last request: 2.772072 seconds.
  path: Assets/BayatGames/Free Platform Game Assets/Backgrounds/New Background ( Update 1.9 )/png/2048x1024/all/Front.png
  artifactKey: Guid(f80b20e0fd5872140ad85fe0fe2f3724) Importer(815301076,1909f56bfc062723c751e8b465ee728b)
Start importing Assets/BayatGames/Free Platform Game Assets/Backgrounds/New Background ( Update 1.9 )/png/2048x1024/all/Front.png using Guid(f80b20e0fd5872140ad85fe0fe2f3724) Importer(815301076,1909f56bfc062723c751e8b465ee728b)  -> (artifact id: '0794b791466c55cf8e32bcdd3039ab62') in 0.031937 seconds
Number of updated asset objects reloaded before import = 0
Number of asset objects unloaded after import = 3
========================================================================
Received Import Request.
  Time since last request: 0.000025 seconds.
  path: Assets/BayatGames/Free Platform Game Assets/Backgrounds/New Background ( Update 1.9 )/png/2048x1024/all/Mid.png
  artifactKey: Guid(ecb9f102759322a4899c647542197151) Importer(815301076,1909f56bfc062723c751e8b465ee728b)
Start importing Assets/BayatGames/Free Platform Game Assets/Backgrounds/New Background ( Update 1.9 )/png/2048x1024/all/Mid.png using Guid(ecb9f102759322a4899c647542197151) Importer(815301076,1909f56bfc062723c751e8b465ee728b)  -> (artifact id: 'a5d426b2746f6e9e875502b98cb99b61') in 0.034014 seconds
Number of updated asset objects reloaded before import = 0
Number of asset objects unloaded after import = 3
========================================================================
Received Import Request.
  Time since last request: 0.838598 seconds.
  path: Assets/BayatGames/Free Platform Game Assets/Backgrounds/New Background ( Update 1.9 )/png/2048x1024/backgraound/NewBackgraound 2048x1024 (2).png
  artifactKey: Guid(19d733bea3ea2de40bf6d0cfae1ed07b) Importer(815301076,1909f56bfc062723c751e8b465ee728b)
Start importing Assets/BayatGames/Free Platform Game Assets/Backgrounds/New Background ( Update 1.9 )/png/2048x1024/backgraound/NewBackgraound 2048x1024 (2).png using Guid(19d733bea3ea2de40bf6d0cfae1ed07b) Importer(815301076,1909f56bfc062723c751e8b465ee728b)  -> (artifact id: '7c7acb52233f6e536f6430ec1cb553bd') in 0.035341 seconds
Number of updated asset objects reloaded before import = 0
Number of asset objects unloaded after import = 3
========================================================================
Received Import Request.
  Time since last request: 70.841288 seconds.
  path: Assets/BayatGames/Free Platform Game Assets/Character/Character Animation ( Update 1.8 )/Idle/2x.png
  artifactKey: Guid(6bd1c00f5f6ecc746b6e2277f8a7d292) Importer(815301076,1909f56bfc062723c751e8b465ee728b)
Start importing Assets/BayatGames/Free Platform Game Assets/Character/Character Animation ( Update 1.8 )/Idle/2x.png using Guid(6bd1c00f5f6ecc746b6e2277f8a7d292) Importer(815301076,1909f56bfc062723c751e8b465ee728b)  -> (artifact id: '261c4478ac59a045c49552e3577da8d0') in 0.034572 seconds
Number of updated asset objects reloaded before import = 0
Number of asset objects unloaded after import = 3
========================================================================
Received Prepare
Begin MonoManager ReloadAssembly
Symbol file LoadedFromMemory doesn't match image D:\Abil UTS\bab6\BAB7ABIL\Library\PackageCache\com.unity.visualscripting@1.8.0\Editor\VisualScripting.Core\Dependencies\YamlDotNet\Unity.VisualScripting.YamlDotNet.dll
Symbol file LoadedFromMemory doesn't match image D:\Abil UTS\bab6\BAB7ABIL\Library\PackageCache\com.unity.visualscripting@1.8.0\Editor\VisualScripting.Core\Dependencies\DotNetZip\Unity.VisualScripting.IonicZip.dll
- Loaded All Assemblies, in  8.482 seconds
Refreshing native plugins compatible for Editor in 13.32 ms, found 4 plugins.
Native extension for WindowsStandalone target not found
Native extension for Android target not found
[Package Manager] Server::EnsureServerProcessIsRunning -- launch failed, reason: Unity was launched with the -noUpm command-line argument
[Package Manager] UpmClient::Send -- Unable to send message (not connected to UPM process).
[Package Manager] Cannot connect to Unity Package Manager local server
Mono: successfully reloaded assembly
[Package Manager] Server::EnsureServerProcessIsRunning -- launch failed, reason: Unity was launched with the -noUpm command-line argument
[Package Manager] UpmClient::Send -- Unable to send message (not connected to UPM process).
[Package Manager] Cannot connect to Unity Package Manager local server
- Finished resetting the current domain, in  4.131 seconds
Domain Reload Profiling: 12618ms
	BeginReloadAssembly (1200ms)
		ExecutionOrderSort (0ms)
		DisableScriptedObjects (193ms)
		BackupInstance (0ms)
		ReleaseScriptingObjects (1ms)
		CreateAndSetChildDomain (636ms)
	RebuildCommonClasses (41ms)
	RebuildNativeTypeToScriptingClass (13ms)
	initialDomainReloadingComplete (36ms)
	LoadAllAssembliesAndSetupDomain (7192ms)
		LoadAssemblies (7370ms)
		RebuildTransferFunctionScriptingTraits (0ms)
		AnalyzeDomain (60ms)
			TypeCache.Refresh (27ms)
				TypeCache.ScanAssembly (0ms)
			ScanForSourceGeneratedMonoScriptInfo (1ms)
			ResolveRequiredComponents (30ms)
	FinalizeReload (4137ms)
		ReleaseScriptCaches (0ms)
		RebuildScriptCaches (0ms)
		SetupLoadedEditorAssemblies (1296ms)
			LogAssemblyErrors (0ms)
			InitializePlatformSupportModulesInManaged (74ms)
			SetLoadedEditorAssemblies (13ms)
			RefreshPlugins (0ms)
			BeforeProcessingInitializeOnLoad (134ms)
			ProcessInitializeOnLoadAttributes (994ms)
			ProcessInitializeOnLoadMethodAttributes (73ms)
			AfterProcessingInitializeOnLoad (6ms)
			EditorAssembliesLoaded (1ms)
		ExecutionOrderSort2 (0ms)
		AwakeInstancesAfterBackupRestoration (82ms)
Refreshing native plugins compatible for Editor in 15.11 ms, found 4 plugins.
Preloading 0 native plugins for Editor in 0.00 ms.
Unloading 4255 Unused Serialized files (Serialized files now loaded: 0)
Unloading 50 unused Assets / (42.4 KB). Loaded Objects now: 4771.
Memory consumption went from 142.9 MB to 142.8 MB.
Total: 15.705100 ms (FindLiveObjects: 1.378700 ms CreateObjectMapping: 0.658300 ms MarkObjects: 13.464100 ms  DeleteObjects: 0.201600 ms)

Prepare: number of updated asset objects reloaded= 0
AssetImportParameters requested are different than current active one (requested -> active):
  custom:container-demuxer-ogg: 62fdf1f143b41e24485cea50d1cbac27 -> 
  custom:video-codec-MediaFoundation-h265: 746d11721c4dcdbdad8f713fa42b33f4 -> 
  custom:video-decoder-ogg-theora: a1e56fd34408186e4bbccfd4996cb3dc -> 
  custom:framework-win-MediaFoundation: 216162199b28c13a410421893ffa2e32 -> 
  custom:CustomObjectIndexerAttribute: 756ad292c208cfabdd7b50bc23989ffe -> 
  custom:container-demuxer-webm: 4f35f7cbe854078d1ac9338744f61a02 -> 
  custom:container-muxer-webm: aa71ff27fc2769a1b78a27578f13a17b -> 
  custom:video-decoder-webm-vp8: 9c59270c3fd7afecdb556c50c9e8de78 -> 
  custom:SearchIndexIgnoredProperties: e643bd26f0fe6173181afceb89e7c659 -> 
  custom:AudioImporter_EditorPlatform: d09bf68614088b80899f8185d706f6e7 -> 
  custom:video-encoder-webm-vp8: eb34c28f22e8b96e1ab97ce403110664 -> 
  custom:audio-decoder-ogg-vorbis: bf7c407c2cedff20999df2af8eb42d56 -> 
  custom:audio-encoder-webm-vorbis: bf7c407c2cedff20999df2af8eb42d56 -> 
